<?xml version="1.0" encoding="UTF-8"?>
<!-- Generated by org.testng.reporters.JUnitReportReporter -->
<testsuite hostname="MSI" failures="0" tests="2" name="apiCalls_Package.EcomPlaceOrder" time="1.587" errors="0" timestamp="2024-04-25T15:02:09 IST" skipped="0">
  <testcase classname="apiCalls_Package.EcomPlaceOrder" name="placeOrder" time="0.483"/>
  <system-out/>
  <testcase classname="apiCalls_Package.EcomPlaceOrder" name="viewOrder" time="1.104"/>
  <system-out/>
</testsuite> <!-- apiCalls_Package.EcomPlaceOrder -->
