<?xml version="1.0" encoding="UTF-8"?>
<!-- Generated by org.testng.reporters.JUnitReportReporter -->
<testsuite hostname="MSI" failures="0" tests="1" name="apiCalls_Package.EcomLoginAPI" time="1.580" errors="0" timestamp="2024-04-25T15:02:09 IST" skipped="0">
  <testcase classname="apiCalls_Package.EcomLoginAPI" name="loginToApp" time="1.580"/>
  <system-out/>
</testsuite> <!-- apiCalls_Package.EcomLoginAPI -->
